c:\users\vikas malepati\documents\visual studio 2015\projects\lumos\binaries\release\intermediates\lumos-engine\vc140.pdb
c:\users\vikas malepati\documents\visual studio 2015\projects\lumos\binaries\release\intermediates\lumos-engine\win32window.obj
c:\users\vikas malepati\documents\visual studio 2015\projects\lumos\binaries\release\intermediates\lumos-engine\win32timer.obj
c:\users\vikas malepati\documents\visual studio 2015\projects\lumos\binaries\release\intermediates\lumos-engine\win32memorymanager.obj
c:\users\vikas malepati\documents\visual studio 2015\projects\lumos\binaries\release\intermediates\lumos-engine\win32log.obj
c:\users\vikas malepati\documents\visual studio 2015\projects\lumos\binaries\release\intermediates\lumos-engine\win32input.obj
c:\users\vikas malepati\documents\visual studio 2015\projects\lumos\binaries\release\intermediates\lumos-engine\win32filesystem.obj
c:\users\vikas malepati\documents\visual studio 2015\projects\lumos\binaries\release\intermediates\lumos-engine\win32application.obj
c:\users\vikas malepati\documents\visual studio 2015\projects\lumos\binaries\release\intermediates\lumos-engine\dxrenderer.obj
c:\users\vikas malepati\documents\visual studio 2015\projects\lumos\binaries\release\intermediates\lumos-engine\dxcontext.obj
c:\users\vikas malepati\documents\visual studio 2015\projects\lumos\binaries\release\intermediates\lumos-engine\vec4.obj
c:\users\vikas malepati\documents\visual studio 2015\projects\lumos\binaries\release\intermediates\lumos-engine\vec3.obj
c:\users\vikas malepati\documents\visual studio 2015\projects\lumos\binaries\release\intermediates\lumos-engine\vec2.obj
c:\users\vikas malepati\documents\visual studio 2015\projects\lumos\binaries\release\intermediates\lumos-engine\quaternion.obj
c:\users\vikas malepati\documents\visual studio 2015\projects\lumos\binaries\release\intermediates\lumos-engine\mat4.obj
c:\users\vikas malepati\documents\visual studio 2015\projects\lumos\binaries\release\intermediates\lumos-engine\ls.obj
c:\users\vikas malepati\documents\visual studio 2015\projects\lumos\binaries\release\intermediates\lumos-engine\windowevent.obj
c:\users\vikas malepati\documents\visual studio 2015\projects\lumos\binaries\release\intermediates\lumos-engine\mouseevent.obj
c:\users\vikas malepati\documents\visual studio 2015\projects\lumos\binaries\release\intermediates\lumos-engine\keyevent.obj
c:\users\vikas malepati\documents\visual studio 2015\projects\lumos\binaries\release\intermediates\lumos-engine\event.obj
c:\users\vikas malepati\documents\visual studio 2015\projects\lumos\binaries\release\intermediates\lumos-engine\string.obj
c:\users\vikas malepati\documents\visual studio 2015\projects\lumos\binaries\release\intermediates\lumos-engine\vfs.obj
c:\users\vikas malepati\documents\visual studio 2015\projects\lumos\binaries\release\intermediates\lumos-engine\system.obj
c:\users\vikas malepati\documents\visual studio 2015\projects\lumos\binaries\release\intermediates\lumos-engine\stackallocator.obj
c:\users\vikas malepati\documents\visual studio 2015\projects\lumos\binaries\release\intermediates\lumos-engine\poolallocator.obj
c:\users\vikas malepati\documents\visual studio 2015\projects\lumos\binaries\release\intermediates\lumos-engine\pool.obj
c:\users\vikas malepati\documents\visual studio 2015\projects\lumos\binaries\release\intermediates\lumos-engine\memorymanager.obj
c:\users\vikas malepati\documents\visual studio 2015\projects\lumos\binaries\release\intermediates\lumos-engine\memory.obj
c:\users\vikas malepati\documents\visual studio 2015\projects\lumos\binaries\release\intermediates\lumos-engine\filesystem.obj
c:\users\vikas malepati\documents\visual studio 2015\projects\lumos\binaries\release\intermediates\lumos-engine\window.obj
c:\users\vikas malepati\documents\visual studio 2015\projects\lumos\binaries\release\intermediates\lumos-engine\input.obj
c:\users\vikas malepati\documents\visual studio 2015\projects\lumos\binaries\release\intermediates\lumos-engine\application.obj
c:\users\vikas malepati\documents\visual studio 2015\projects\lumos\binaries\release\lsengine.dll
c:\users\vikas malepati\documents\visual studio 2015\projects\lumos\binaries\release\lsengine.ipdb
c:\users\vikas malepati\documents\visual studio 2015\projects\lumos\binaries\release\lsengine.iobj
c:\users\vikas malepati\documents\visual studio 2015\projects\lumos\binaries\release\lsengine.pdb
c:\users\vikas malepati\documents\visual studio 2015\projects\lumos\binaries\release\lsengine.lib
c:\users\vikas malepati\documents\visual studio 2015\projects\lumos\binaries\release\lsengine.exp
c:\users\vikas malepati\documents\visual studio 2015\projects\lumos\binaries\release\intermediates\lumos-engine\lumos-engine.tlog\cl.command.1.tlog
c:\users\vikas malepati\documents\visual studio 2015\projects\lumos\binaries\release\intermediates\lumos-engine\lumos-engine.tlog\cl.read.1.tlog
c:\users\vikas malepati\documents\visual studio 2015\projects\lumos\binaries\release\intermediates\lumos-engine\lumos-engine.tlog\cl.write.1.tlog
c:\users\vikas malepati\documents\visual studio 2015\projects\lumos\binaries\release\intermediates\lumos-engine\lumos-engine.tlog\link.command.1.tlog
c:\users\vikas malepati\documents\visual studio 2015\projects\lumos\binaries\release\intermediates\lumos-engine\lumos-engine.tlog\link.read.1.tlog
c:\users\vikas malepati\documents\visual studio 2015\projects\lumos\binaries\release\intermediates\lumos-engine\lumos-engine.tlog\link.write.1.tlog
c:\users\vikas malepati\documents\visual studio 2015\projects\lumos\binaries\release\intermediates\lumos-engine\lumos-engine.tlog\lumos-engine.write.1u.tlog
